[0m[[0m[0mdebug[0m] [0m[0m> Exec(run, Some(73149675-4de5-4128-8279-6b0d771c76db), Some(CommandSource(console0)))[0m
[0m[[0m[0mdebug[0m] [0m[0mEvaluating tasks: Compile / run[0m
[0m[[0m[0mdebug[0m] [0m[0mRunning task... Cancel: Signal, check cycles: false, forcegc: true[0m
[0m[[0m[0minfo[0m] [0m[0mcompiling 1 Scala source to /home/gabrielj/Documents/cours_ENS/1A_ENS_PS/S2/ProjetProg2/Proj/target/scala-2.12/classes ...[0m
[0m[[0m[31merror[0m] [0m[0m/home/gabrielj/Documents/cours_ENS/1A_ENS_PS/S2/ProjetProg2/Proj/src/main/scala/main.scala:71:13: not found: value mouseclicked[0m
[0m[[0m[31merror[0m] [0m[0m        if (mouseclicked) {[0m
[0m[[0m[31merror[0m] [0m[0m            ^[0m
[0m[[0m[31merror[0m] [0m[0m/home/gabrielj/Documents/cours_ENS/1A_ENS_PS/S2/ProjetProg2/Proj/src/main/scala/main.scala:72:22: not found: value mouseX[0m
[0m[[0m[31merror[0m] [0m[0m          g.fillOval(mouseX - 10, mouseY - 10, 20, 20)[0m
[0m[[0m[31merror[0m] [0m[0m                     ^[0m
[0m[[0m[31merror[0m] [0m[0m/home/gabrielj/Documents/cours_ENS/1A_ENS_PS/S2/ProjetProg2/Proj/src/main/scala/main.scala:72:35: not found: value mouseY[0m
[0m[[0m[31merror[0m] [0m[0m          g.fillOval(mouseX - 10, mouseY - 10, 20, 20)[0m
[0m[[0m[31merror[0m] [0m[0m                                  ^[0m
[0m[[0m[31merror[0m] [0m[0m/home/gabrielj/Documents/cours_ENS/1A_ENS_PS/S2/ProjetProg2/Proj/src/main/scala/main.scala:73:11: not found: value mouseclicked[0m
[0m[[0m[31merror[0m] [0m[0m          mouseclicked = false[0m
[0m[[0m[31merror[0m] [0m[0m          ^[0m
[0m[[0m[31merror[0m] [0m[0mfour errors found[0m
[0m[[0m[31merror[0m] [0m[0m(Compile / [31mcompileIncremental[0m) Compilation failed[0m
[0m[[0m[31merror[0m] [0m[0mTotal time: 0 s, completed Feb 1, 2021 8:39:17 PM[0m
[0m[[0m[0mdebug[0m] [0m[0m> Exec(shell, None, None)[0m
