[0m[[0m[0mdebug[0m] [0m[0m> Exec(run, Some(2385e94f-bb8b-4f33-8cac-baf00e1a4a53), Some(CommandSource(console0)))[0m
[0m[[0m[0mdebug[0m] [0m[0mEvaluating tasks: Compile / run[0m
[0m[[0m[0mdebug[0m] [0m[0mRunning task... Cancel: Signal, check cycles: false, forcegc: true[0m
[0m[[0m[0minfo[0m] [0m[0mcompiling 16 Scala sources to /home/gabrielj/Documents/cours_ENS/1A_ENS_PS/S2/ProjetProg2/Proj/target/scala-2.12/classes ...[0m
[0m[[0m[31merror[0m] [0m[0m/home/gabrielj/Documents/cours_ENS/1A_ENS_PS/S2/ProjetProg2/Proj/src/main/scala/map.scala:28:30: not found: type Biome[0m
[0m[[0m[31merror[0m] [0m[0m  var biomeMap = Array.ofDim[Biome](width,height)[0m
[0m[[0m[31merror[0m] [0m[0m                             ^[0m
[0m[[0m[31merror[0m] [0m[0m/home/gabrielj/Documents/cours_ENS/1A_ENS_PS/S2/ProjetProg2/Proj/src/main/scala/map.scala:39:31: not found: type Biome[0m
[0m[[0m[31merror[0m] [0m[0m  def getBiome(): Array[Array[Biome]] = {[0m
[0m[[0m[31merror[0m] [0m[0m                              ^[0m
[0m[[0m[31merror[0m] [0m[0m/home/gabrielj/Documents/cours_ENS/1A_ENS_PS/S2/ProjetProg2/Proj/src/main/scala/map.scala:42:32: not found: type Biome[0m
[0m[[0m[31merror[0m] [0m[0m  def intToBiome(biomeID:Int): Biome = {[0m
[0m[[0m[31merror[0m] [0m[0m                               ^[0m
[0m[[0m[31merror[0m] [0m[0m/home/gabrielj/Documents/cours_ENS/1A_ENS_PS/S2/ProjetProg2/Proj/src/main/scala/map.scala:44:27: not found: value Neutral[0m
[0m[[0m[31merror[0m] [0m[0m        case 0 => return( Neutral )[0m
[0m[[0m[31merror[0m] [0m[0m                          ^[0m
[0m[[0m[31merror[0m] [0m[0m/home/gabrielj/Documents/cours_ENS/1A_ENS_PS/S2/ProjetProg2/Proj/src/main/scala/map.scala:45:27: not found: value Field[0m
[0m[[0m[31merror[0m] [0m[0m        case 1 => return( Field )[0m
[0m[[0m[31merror[0m] [0m[0m                          ^[0m
[0m[[0m[31merror[0m] [0m[0m/home/gabrielj/Documents/cours_ENS/1A_ENS_PS/S2/ProjetProg2/Proj/src/main/scala/map.scala:46:28: not found: value Temple[0m
[0m[[0m[31merror[0m] [0m[0m        case 2 => return ( Temple )[0m
[0m[[0m[31merror[0m] [0m[0m                           ^[0m
[0m[[0m[31merror[0m] [0m[0m/home/gabrielj/Documents/cours_ENS/1A_ENS_PS/S2/ProjetProg2/Proj/src/main/scala/map.scala:47:28: not found: value Cave[0m
[0m[[0m[31merror[0m] [0m[0m        case _ => return ( Cave )[0m
[0m[[0m[31merror[0m] [0m[0m                           ^[0m
[0m[[0m[31merror[0m] [0m[0m/home/gabrielj/Documents/cours_ENS/1A_ENS_PS/S2/ProjetProg2/Proj/src/main/scala/map.scala:172:46: not found: type Biome[0m
[0m[[0m[31merror[0m] [0m[0m  def pouringRoom(x: Int, y: Int, n: Int, b: Biome):Int = {[0m
[0m[[0m[31merror[0m] [0m[0m                                             ^[0m
[0m[[0m[31merror[0m] [0m[0m/home/gabrielj/Documents/cours_ENS/1A_ENS_PS/S2/ProjetProg2/Proj/src/main/scala/map.scala:188:52: not found: type Biome[0m
[0m[[0m[31merror[0m] [0m[0m  def getRooms(free: Int, room_number: Int, biome: Biome):Boolean = {[0m
[0m[[0m[31merror[0m] [0m[0m                                                   ^[0m
[0m[[0m[31merror[0m] [0m[0m/home/gabrielj/Documents/cours_ENS/1A_ENS_PS/S2/ProjetProg2/Proj/src/main/scala/map.scala:213:16: not found: type Biome[0m
[0m[[0m[31merror[0m] [0m[0m    var biome: Biome = intToBiome(r.nextInt(4))[0m
[0m[[0m[31merror[0m] [0m[0m               ^[0m
[0m[[0m[31merror[0m] [0m[0m/home/gabrielj/Documents/cours_ENS/1A_ENS_PS/S2/ProjetProg2/Proj/src/main/scala/map.scala:284:27: not found: value EmptyTemple[0m
[0m[[0m[31merror[0m] [0m[0m          floor(i)(ty1) = EmptyTemple[0m
[0m[[0m[31merror[0m] [0m[0m                          ^[0m
[0m[[0m[31merror[0m] [0m[0m/home/gabrielj/Documents/cours_ENS/1A_ENS_PS/S2/ProjetProg2/Proj/src/main/scala/map.scala:290:27: not found: value EmptyTemple[0m
[0m[[0m[31merror[0m] [0m[0m          floor(i)(ty1) = EmptyTemple[0m
[0m[[0m[31merror[0m] [0m[0m                          ^[0m
[0m[[0m[31merror[0m] [0m[0m/home/gabrielj/Documents/cours_ENS/1A_ENS_PS/S2/ProjetProg2/Proj/src/main/scala/map.scala:298:27: not found: value EmptyTemple[0m
[0m[[0m[31merror[0m] [0m[0m          floor(tx1)(j) = EmptyTemple[0m
[0m[[0m[31merror[0m] [0m[0m                          ^[0m
[0m[[0m[31merror[0m] [0m[0m/home/gabrielj/Documents/cours_ENS/1A_ENS_PS/S2/ProjetProg2/Proj/src/main/scala/map.scala:304:27: not found: value EmptyTemple[0m
[0m[[0m[31merror[0m] [0m[0m          floor(tx1)(j) = EmptyTemple[0m
[0m[[0m[31merror[0m] [0m[0m                          ^[0m
[0m[[0m[31merror[0m] [0m[0m/home/gabrielj/Documents/cours_ENS/1A_ENS_PS/S2/ProjetProg2/Proj/src/main/scala/map.scala:344:18: not found: value Field[0m
[0m[[0m[31merror[0m] [0m[0m            case Field => EmptyField[0m
[0m[[0m[31merror[0m] [0m[0m                 ^[0m
[0m[[0m[31merror[0m] [0m[0m/home/gabrielj/Documents/cours_ENS/1A_ENS_PS/S2/ProjetProg2/Proj/src/main/scala/map.scala:344:27: not found: value EmptyField[0m
[0m[[0m[31merror[0m] [0m[0m            case Field => EmptyField[0m
[0m[[0m[31merror[0m] [0m[0m                          ^[0m
[0m[[0m[31merror[0m] [0m[0m/home/gabrielj/Documents/cours_ENS/1A_ENS_PS/S2/ProjetProg2/Proj/src/main/scala/map.scala:345:18: not found: value Cave[0m
[0m[[0m[31merror[0m] [0m[0m            case Cave => EmptyCave[0m
[0m[[0m[31merror[0m] [0m[0m                 ^[0m
[0m[[0m[31merror[0m] [0m[0m/home/gabrielj/Documents/cours_ENS/1A_ENS_PS/S2/ProjetProg2/Proj/src/main/scala/map.scala:345:26: not found: value EmptyCave[0m
[0m[[0m[31merror[0m] [0m[0m            case Cave => EmptyCave[0m
[0m[[0m[31merror[0m] [0m[0m                         ^[0m
[0m[[0m[31merror[0m] [0m[0m/home/gabrielj/Documents/cours_ENS/1A_ENS_PS/S2/ProjetProg2/Proj/src/main/scala/map.scala:346:18: not found: value Neutral[0m
[0m[[0m[31merror[0m] [0m[0m            case Neutral => Empty[0m
[0m[[0m[31merror[0m] [0m[0m                 ^[0m
[0m[[0m[31merror[0m] [0m[0m/home/gabrielj/Documents/cours_ENS/1A_ENS_PS/S2/ProjetProg2/Proj/src/main/scala/map.scala:347:18: not found: value Temple[0m
[0m[[0m[31merror[0m] [0m[0m            case Temple => EmptyTemple[0m
[0m[[0m[31merror[0m] [0m[0m                 ^[0m
[0m[[0m[31merror[0m] [0m[0m/home/gabrielj/Documents/cours_ENS/1A_ENS_PS/S2/ProjetProg2/Proj/src/main/scala/map.scala:347:28: not found: value EmptyTemple[0m
[0m[[0m[31merror[0m] [0m[0m            case Temple => EmptyTemple[0m
[0m[[0m[31merror[0m] [0m[0m                           ^[0m
[0m[[0m[31merror[0m] [0m[0m21 errors found[0m
[0m[[0m[31merror[0m] [0m[0m(Compile / [31mcompileIncremental[0m) Compilation failed[0m
[0m[[0m[31merror[0m] [0m[0mTotal time: 1 s, completed Feb 24, 2021, 1:40:03 PM[0m
[0m[[0m[0mdebug[0m] [0m[0m> Exec(shell, None, None)[0m
