[0m[[0m[0mdebug[0m] [0m[0m> Exec(run, Some(5c1f291d-872e-4049-8c08-1d075e86ef6a), Some(CommandSource(console0)))[0m
[0m[[0m[0mdebug[0m] [0m[0mEvaluating tasks: Compile / run[0m
[0m[[0m[0mdebug[0m] [0m[0mRunning task... Cancel: Signal, check cycles: false, forcegc: true[0m
[0m[[0m[0minfo[0m] [0m[0mcompiling 1 Scala source to /home/gabrielj/Documents/cours_ENS/1A_ENS_PS/S2/ProjetProg2/Proj/target/scala-2.12/classes ...[0m
[0m[[0m[31merror[0m] [0m[0m/home/gabrielj/Documents/cours_ENS/1A_ENS_PS/S2/ProjetProg2/Proj/src/main/scala/main.scala:15:29: reference to Button is ambiguous;[0m
[0m[[0m[31merror[0m] [0m[0mit is imported twice in the same scope by[0m
[0m[[0m[31merror[0m] [0m[0mimport java.awt._[0m
[0m[[0m[31merror[0m] [0m[0mand import swing._[0m
[0m[[0m[31merror[0m] [0m[0m    val launch_button = new Button {[0m
[0m[[0m[31merror[0m] [0m[0m                            ^[0m
[0m[[0m[31merror[0m] [0m[0m/home/gabrielj/Documents/cours_ENS/1A_ENS_PS/S2/ProjetProg2/Proj/src/main/scala/main.scala:16:7: package scala.text is not a value[0m
[0m[[0m[31merror[0m] [0m[0m      text = "Launch game"[0m
[0m[[0m[31merror[0m] [0m[0m      ^[0m
[0m[[0m[31merror[0m] [0m[0m/home/gabrielj/Documents/cours_ENS/1A_ENS_PS/S2/ProjetProg2/Proj/src/main/scala/main.scala:18:28: reference to Label is ambiguous;[0m
[0m[[0m[31merror[0m] [0m[0mit is imported twice in the same scope by[0m
[0m[[0m[31merror[0m] [0m[0mimport java.awt._[0m
[0m[[0m[31merror[0m] [0m[0mand import swing._[0m
[0m[[0m[31merror[0m] [0m[0m    val launch_label = new Label {[0m
[0m[[0m[31merror[0m] [0m[0m                           ^[0m
[0m[[0m[31merror[0m] [0m[0m/home/gabrielj/Documents/cours_ENS/1A_ENS_PS/S2/ProjetProg2/Proj/src/main/scala/main.scala:19:7: package scala.text is not a value[0m
[0m[[0m[31merror[0m] [0m[0m      text = "Please choose your resolution's width"[0m
[0m[[0m[31merror[0m] [0m[0m      ^[0m
[0m[[0m[31merror[0m] [0m[0m/home/gabrielj/Documents/cours_ENS/1A_ENS_PS/S2/ProjetProg2/Proj/src/main/scala/main.scala:21:34: reference to TextField is ambiguous;[0m
[0m[[0m[31merror[0m] [0m[0mit is imported twice in the same scope by[0m
[0m[[0m[31merror[0m] [0m[0mimport java.awt._[0m
[0m[[0m[31merror[0m] [0m[0mand import swing._[0m
[0m[[0m[31merror[0m] [0m[0m    val launch_width_field = new TextField{[0m
[0m[[0m[31merror[0m] [0m[0m                                 ^[0m
[0m[[0m[31merror[0m] [0m[0m/home/gabrielj/Documents/cours_ENS/1A_ENS_PS/S2/ProjetProg2/Proj/src/main/scala/main.scala:22:7: package scala.text is not a value[0m
[0m[[0m[31merror[0m] [0m[0m      text = "1280"[0m
[0m[[0m[31merror[0m] [0m[0m      ^[0m
[0m[[0m[31merror[0m] [0m[0m/home/gabrielj/Documents/cours_ENS/1A_ENS_PS/S2/ProjetProg2/Proj/src/main/scala/main.scala:24:34: reference to Label is ambiguous;[0m
[0m[[0m[31merror[0m] [0m[0mit is imported twice in the same scope by[0m
[0m[[0m[31merror[0m] [0m[0mimport java.awt._[0m
[0m[[0m[31merror[0m] [0m[0mand import swing._[0m
[0m[[0m[31merror[0m] [0m[0m    val launch_width_label = new Label{[0m
[0m[[0m[31merror[0m] [0m[0m                                 ^[0m
[0m[[0m[31merror[0m] [0m[0m/home/gabrielj/Documents/cours_ENS/1A_ENS_PS/S2/ProjetProg2/Proj/src/main/scala/main.scala:25:7: package scala.text is not a value[0m
[0m[[0m[31merror[0m] [0m[0m      text = "width = "[0m
[0m[[0m[31merror[0m] [0m[0m      ^[0m
[0m[[0m[31merror[0m] [0m[0m/home/gabrielj/Documents/cours_ENS/1A_ENS_PS/S2/ProjetProg2/Proj/src/main/scala/main.scala:27:35: reference to Label is ambiguous;[0m
[0m[[0m[31merror[0m] [0m[0mit is imported twice in the same scope by[0m
[0m[[0m[31merror[0m] [0m[0mimport java.awt._[0m
[0m[[0m[31merror[0m] [0m[0mand import swing._[0m
[0m[[0m[31merror[0m] [0m[0m    val launch_height_label = new Label {[0m
[0m[[0m[31merror[0m] [0m[0m                                  ^[0m
[0m[[0m[31merror[0m] [0m[0m/home/gabrielj/Documents/cours_ENS/1A_ENS_PS/S2/ProjetProg2/Proj/src/main/scala/main.scala:28:7: package scala.text is not a value[0m
[0m[[0m[31merror[0m] [0m[0m      text = "height = 720"[0m
[0m[[0m[31merror[0m] [0m[0m      ^[0m
[0m[[0m[31merror[0m] [0m[0m/home/gabrielj/Documents/cours_ENS/1A_ENS_PS/S2/ProjetProg2/Proj/src/main/scala/main.scala:66:24: reference to Panel is ambiguous;[0m
[0m[[0m[31merror[0m] [0m[0mit is imported twice in the same scope by[0m
[0m[[0m[31merror[0m] [0m[0mimport java.awt._[0m
[0m[[0m[31merror[0m] [0m[0mand import swing._[0m
[0m[[0m[31merror[0m] [0m[0m    val game_box = new Panel {[0m
[0m[[0m[31merror[0m] [0m[0m                       ^[0m
[0m[[0m[31merror[0m] [0m[0m/home/gabrielj/Documents/cours_ENS/1A_ENS_PS/S2/ProjetProg2/Proj/src/main/scala/main.scala:72:13: not found: value mouseclicked[0m
[0m[[0m[31merror[0m] [0m[0m        if (mouseclicked) {[0m
[0m[[0m[31merror[0m] [0m[0m            ^[0m
[0m[[0m[31merror[0m] [0m[0m/home/gabrielj/Documents/cours_ENS/1A_ENS_PS/S2/ProjetProg2/Proj/src/main/scala/main.scala:73:22: not found: value mouseX[0m
[0m[[0m[31merror[0m] [0m[0m          g.fillOval(mouseX - 10, mouseY - 10, 20, 20)[0m
[0m[[0m[31merror[0m] [0m[0m                     ^[0m
[0m[[0m[31merror[0m] [0m[0m/home/gabrielj/Documents/cours_ENS/1A_ENS_PS/S2/ProjetProg2/Proj/src/main/scala/main.scala:73:35: not found: value mouseY[0m
[0m[[0m[31merror[0m] [0m[0m          g.fillOval(mouseX - 10, mouseY - 10, 20, 20)[0m
[0m[[0m[31merror[0m] [0m[0m                                  ^[0m
[0m[[0m[31merror[0m] [0m[0m/home/gabrielj/Documents/cours_ENS/1A_ENS_PS/S2/ProjetProg2/Proj/src/main/scala/main.scala:74:11: not found: value mouseclicked[0m
[0m[[0m[31merror[0m] [0m[0m          mouseclicked = false[0m
[0m[[0m[31merror[0m] [0m[0m          ^[0m
[0m[[0m[31merror[0m] [0m[0m15 errors found[0m
[0m[[0m[31merror[0m] [0m[0m(Compile / [31mcompileIncremental[0m) Compilation failed[0m
[0m[[0m[31merror[0m] [0m[0mTotal time: 0 s, completed Feb 1, 2021 8:38:48 PM[0m
[0m[[0m[0mdebug[0m] [0m[0m> Exec(shell, None, None)[0m
